find_header: checking for ncures.h... -------------------- no

"gcc -E -I. -I/System/Library/Frameworks/Ruby.framework/Versions/1.8/usr/lib/ruby/1.8/universal-darwin10.0 -I.  -D_XOPEN_SOURCE -D_DARWIN_C_SOURCE     -g -Os -pipe -fno-common -DENABLE_DTRACE  -fno-common  -pipe -fno-common    conftest.c -o conftest.i"
/System/Library/Frameworks/Ruby.framework/Versions/1.8/usr/lib/ruby/1.8/mkmf.rb:266: warning: Insecure world writable dir /opt in PATH, mode 040033
conftest.c:1:20: error: ncures.h: No such file or directory
checked program was:
/* begin */
1: #include <ncures.h>
/* end */

--------------------

find_header: checking for ncurses.h... -------------------- yes

"gcc -E -I. -I/System/Library/Frameworks/Ruby.framework/Versions/1.8/usr/lib/ruby/1.8/universal-darwin10.0 -I.  -D_XOPEN_SOURCE -D_DARWIN_C_SOURCE     -g -Os -pipe -fno-common -DENABLE_DTRACE  -fno-common  -pipe -fno-common    conftest.c -o conftest.i"
checked program was:
/* begin */
1: #include <ncurses.h>
/* end */

--------------------

have_header: checking for ncurses.h... -------------------- yes

"gcc -E -I. -I/System/Library/Frameworks/Ruby.framework/Versions/1.8/usr/lib/ruby/1.8/universal-darwin10.0 -I.  -D_XOPEN_SOURCE -D_DARWIN_C_SOURCE     -g -Os -pipe -fno-common -DENABLE_DTRACE  -fno-common  -pipe -fno-common    conftest.c -o conftest.i"
checked program was:
/* begin */
1: #include <ncurses.h>
/* end */

--------------------

